<?xml version="1.0" encoding="UTF-8"?>
<!-- Generated by org.testng.reporters.JUnitReportReporter -->
<testsuite hostname="DESKTOP-D475RQ6" failures="0" tests="1" name="day1.Demo1" time="15.463" errors="0" timestamp="2025-09-28T11:45:49 IST" skipped="0">
  <testcase classname="day1.Demo1" name="testa" time="15.463">
    <system-out>
      <![CDATA[Testamethod]]>
    </system-out>
  </testcase> <!-- testa -->
  <system-out>
    <![CDATA[Testamethod]]>
  </system-out>
</testsuite> <!-- day1.Demo1 -->
